[2021-10-18 14:10:23,726] INFO Reading configuration from: E:\LogAnalysis\kafka\config\zookeeper.properties (org.apache.zookeeper.server.quorum.QuorumPeerConfig)
[2021-10-18 14:10:23,748] INFO autopurge.snapRetainCount set to 3 (org.apache.zookeeper.server.DatadirCleanupManager)
[2021-10-18 14:10:23,748] INFO autopurge.purgeInterval set to 0 (org.apache.zookeeper.server.DatadirCleanupManager)
[2021-10-18 14:10:23,749] INFO Purge task is not scheduled. (org.apache.zookeeper.server.DatadirCleanupManager)
[2021-10-18 14:10:23,749] WARN Either no config or no quorum defined in config, running  in standalone mode (org.apache.zookeeper.server.quorum.QuorumPeerMain)
[2021-10-18 14:10:23,778] INFO Reading configuration from: E:\LogAnalysis\kafka\config\zookeeper.properties (org.apache.zookeeper.server.quorum.QuorumPeerConfig)
[2021-10-18 14:10:23,779] INFO Starting server (org.apache.zookeeper.server.ZooKeeperServerMain)
[2021-10-18 14:10:23,787] INFO Server environment:zookeeper.version=3.4.14-4c25d480e66aadd371de8bd2fd8da255ac140bcf, built on 03/06/2019 16:18 GMT (org.apache.zookeeper.server.ZooKeeperServer)
[2021-10-18 14:10:23,787] INFO Server environment:host.name=DESKTOP-767O0L9 (org.apache.zookeeper.server.ZooKeeperServer)
[2021-10-18 14:10:23,787] INFO Server environment:java.version=17 (org.apache.zookeeper.server.ZooKeeperServer)
[2021-10-18 14:10:23,788] INFO Server environment:java.vendor=Oracle Corporation (org.apache.zookeeper.server.ZooKeeperServer)
[2021-10-18 14:10:23,788] INFO Server environment:java.home=C:\Program Files\Java\jdk-17 (org.apache.zookeeper.server.ZooKeeperServer)
[2021-10-18 14:10:23,788] INFO Server environment:java.class.path=E:\LogAnalysis\kafka\libs\activation-1.1.1.jar;E:\LogAnalysis\kafka\libs\aopalliance-repackaged-2.5.0.jar;E:\LogAnalysis\kafka\libs\argparse4j-0.7.0.jar;E:\LogAnalysis\kafka\libs\audience-annotations-0.5.0.jar;E:\LogAnalysis\kafka\libs\commons-lang3-3.8.1.jar;E:\LogAnalysis\kafka\libs\connect-api-2.3.0.jar;E:\LogAnalysis\kafka\libs\connect-basic-auth-extension-2.3.0.jar;E:\LogAnalysis\kafka\libs\connect-file-2.3.0.jar;E:\LogAnalysis\kafka\libs\connect-json-2.3.0.jar;E:\LogAnalysis\kafka\libs\connect-runtime-2.3.0.jar;E:\LogAnalysis\kafka\libs\connect-transforms-2.3.0.jar;E:\LogAnalysis\kafka\libs\guava-20.0.jar;E:\LogAnalysis\kafka\libs\hk2-api-2.5.0.jar;E:\LogAnalysis\kafka\libs\hk2-locator-2.5.0.jar;E:\LogAnalysis\kafka\libs\hk2-utils-2.5.0.jar;E:\LogAnalysis\kafka\libs\jackson-annotations-2.9.9.jar;E:\LogAnalysis\kafka\libs\jackson-core-2.9.9.jar;E:\LogAnalysis\kafka\libs\jackson-databind-2.9.9.jar;E:\LogAnalysis\kafka\libs\jackson-dataformat-csv-2.9.9.jar;E:\LogAnalysis\kafka\libs\jackson-datatype-jdk8-2.9.9.jar;E:\LogAnalysis\kafka\libs\jackson-jaxrs-base-2.9.9.jar;E:\LogAnalysis\kafka\libs\jackson-jaxrs-json-provider-2.9.9.jar;E:\LogAnalysis\kafka\libs\jackson-module-jaxb-annotations-2.9.9.jar;E:\LogAnalysis\kafka\libs\jackson-module-paranamer-2.9.9.jar;E:\LogAnalysis\kafka\libs\jackson-module-scala_2.11-2.9.9.jar;E:\LogAnalysis\kafka\libs\jakarta.annotation-api-1.3.4.jar;E:\LogAnalysis\kafka\libs\jakarta.inject-2.5.0.jar;E:\LogAnalysis\kafka\libs\jakarta.ws.rs-api-2.1.5.jar;E:\LogAnalysis\kafka\libs\javassist-3.22.0-CR2.jar;E:\LogAnalysis\kafka\libs\javax.servlet-api-3.1.0.jar;E:\LogAnalysis\kafka\libs\javax.ws.rs-api-2.1.1.jar;E:\LogAnalysis\kafka\libs\jaxb-api-2.3.0.jar;E:\LogAnalysis\kafka\libs\jersey-client-2.28.jar;E:\LogAnalysis\kafka\libs\jersey-common-2.28.jar;E:\LogAnalysis\kafka\libs\jersey-container-servlet-2.28.jar;E:\LogAnalysis\kafka\libs\jersey-container-servlet-core-2.28.jar;E:\LogAnalysis\kafka\libs\jersey-hk2-2.28.jar;E:\LogAnalysis\kafka\libs\jersey-media-jaxb-2.28.jar;E:\LogAnalysis\kafka\libs\jersey-server-2.28.jar;E:\LogAnalysis\kafka\libs\jetty-client-9.4.18.v20190429.jar;E:\LogAnalysis\kafka\libs\jetty-continuation-9.4.18.v20190429.jar;E:\LogAnalysis\kafka\libs\jetty-http-9.4.18.v20190429.jar;E:\LogAnalysis\kafka\libs\jetty-io-9.4.18.v20190429.jar;E:\LogAnalysis\kafka\libs\jetty-security-9.4.18.v20190429.jar;E:\LogAnalysis\kafka\libs\jetty-server-9.4.18.v20190429.jar;E:\LogAnalysis\kafka\libs\jetty-servlet-9.4.18.v20190429.jar;E:\LogAnalysis\kafka\libs\jetty-servlets-9.4.18.v20190429.jar;E:\LogAnalysis\kafka\libs\jetty-util-9.4.18.v20190429.jar;E:\LogAnalysis\kafka\libs\jopt-simple-5.0.4.jar;E:\LogAnalysis\kafka\libs\jsr305-3.0.2.jar;E:\LogAnalysis\kafka\libs\kafka-clients-2.3.0.jar;E:\LogAnalysis\kafka\libs\kafka-log4j-appender-2.3.0.jar;E:\LogAnalysis\kafka\libs\kafka-streams-2.3.0.jar;E:\LogAnalysis\kafka\libs\kafka-streams-examples-2.3.0.jar;E:\LogAnalysis\kafka\libs\kafka-streams-scala_2.11-2.3.0.jar;E:\LogAnalysis\kafka\libs\kafka-streams-test-utils-2.3.0.jar;E:\LogAnalysis\kafka\libs\kafka-tools-2.3.0.jar;E:\LogAnalysis\kafka\libs\kafka_2.11-2.3.0-javadoc.jar;E:\LogAnalysis\kafka\libs\kafka_2.11-2.3.0-javadoc.jar.asc;E:\LogAnalysis\kafka\libs\kafka_2.11-2.3.0-scaladoc.jar;E:\LogAnalysis\kafka\libs\kafka_2.11-2.3.0-scaladoc.jar.asc;E:\LogAnalysis\kafka\libs\kafka_2.11-2.3.0-sources.jar;E:\LogAnalysis\kafka\libs\kafka_2.11-2.3.0-sources.jar.asc;E:\LogAnalysis\kafka\libs\kafka_2.11-2.3.0-test-sources.jar;E:\LogAnalysis\kafka\libs\kafka_2.11-2.3.0-test-sources.jar.asc;E:\LogAnalysis\kafka\libs\kafka_2.11-2.3.0-test.jar;E:\LogAnalysis\kafka\libs\kafka_2.11-2.3.0-test.jar.asc;E:\LogAnalysis\kafka\libs\kafka_2.11-2.3.0.jar;E:\LogAnalysis\kafka\libs\kafka_2.11-2.3.0.jar.asc;E:\LogAnalysis\kafka\libs\log4j-1.2.17.jar;E:\LogAnalysis\kafka\libs\lz4-java-1.6.0.jar;E:\LogAnalysis\kafka\libs\maven-artifact-3.6.1.jar;E:\LogAnalysis\kafka\libs\metrics-core-2.2.0.jar;E:\LogAnalysis\kafka\libs\osgi-resource-locator-1.0.1.jar;E:\LogAnalysis\kafka\libs\paranamer-2.8.jar;E:\LogAnalysis\kafka\libs\plexus-utils-3.2.0.jar;E:\LogAnalysis\kafka\libs\reflections-0.9.11.jar;E:\LogAnalysis\kafka\libs\rocksdbjni-5.18.3.jar;E:\LogAnalysis\kafka\libs\scala-library-2.11.12.jar;E:\LogAnalysis\kafka\libs\scala-logging_2.11-3.9.0.jar;E:\LogAnalysis\kafka\libs\scala-reflect-2.11.12.jar;E:\LogAnalysis\kafka\libs\slf4j-api-1.7.26.jar;E:\LogAnalysis\kafka\libs\slf4j-log4j12-1.7.26.jar;E:\LogAnalysis\kafka\libs\snappy-java-1.1.7.3.jar;E:\LogAnalysis\kafka\libs\spotbugs-annotations-3.1.9.jar;E:\LogAnalysis\kafka\libs\validation-api-2.0.1.Final.jar;E:\LogAnalysis\kafka\libs\zkclient-0.11.jar;E:\LogAnalysis\kafka\libs\zookeeper-3.4.14.jar;E:\LogAnalysis\kafka\libs\zstd-jni-1.4.0-1.jar (org.apache.zookeeper.server.ZooKeeperServer)
[2021-10-18 14:10:23,790] INFO Server environment:java.library.path=C:\Program Files\Java\jdk-17\bin;C:\Windows\Sun\Java\bin;C:\Windows\system32;C:\Windows;C:\Users\Nagaraju\anaconda3;C:\Users\Nagaraju\anaconda3\Library\mingw-w64\bin;C:\Users\Nagaraju\anaconda3\Library\usr\bin;C:\Users\Nagaraju\anaconda3\Library\bin;C:\Users\Nagaraju\anaconda3\Scripts;C:\Users\Nagaraju\anaconda3\bin;C:\Users\Nagaraju\anaconda3\condabin;C:\Users\Nagaraju\anaconda3;C:\Users\Nagaraju\anaconda3\Library\mingw-w64\bin;C:\Users\Nagaraju\anaconda3\Library\usr\bin;C:\Users\Nagaraju\anaconda3\Library\bin;C:\Users\Nagaraju\anaconda3\Scripts;C:\Program Files\Common Files\Oracle\Java\javapath;C:\Windows\system32;C:\Windows;C:\Windows\System32\Wbem;C:\Windows\System32\WindowsPowerShell\v1.0;C:\Windows\System32\OpenSSH;C:\Program Files\Java\jdk-14.0.2\bin;C:\Program Files\Java\jdk-14.0.2\lib;E:\LogAnalysis\kafka\bin\windows;.;. (org.apache.zookeeper.server.ZooKeeperServer)
[2021-10-18 14:10:23,818] INFO Server environment:java.io.tmpdir=C:\Users\Nagaraju\AppData\Local\Temp\ (org.apache.zookeeper.server.ZooKeeperServer)
[2021-10-18 14:10:23,820] INFO Server environment:java.compiler=<NA> (org.apache.zookeeper.server.ZooKeeperServer)
[2021-10-18 14:10:23,820] INFO Server environment:os.name=Windows 10 (org.apache.zookeeper.server.ZooKeeperServer)
[2021-10-18 14:10:23,821] INFO Server environment:os.arch=amd64 (org.apache.zookeeper.server.ZooKeeperServer)
[2021-10-18 14:10:23,821] INFO Server environment:os.version=10.0 (org.apache.zookeeper.server.ZooKeeperServer)
[2021-10-18 14:10:23,823] INFO Server environment:user.name=Nagaraju (org.apache.zookeeper.server.ZooKeeperServer)
[2021-10-18 14:10:23,823] INFO Server environment:user.home=C:\Users\Nagaraju (org.apache.zookeeper.server.ZooKeeperServer)
[2021-10-18 14:10:23,823] INFO Server environment:user.dir=C:\Users\Nagaraju (org.apache.zookeeper.server.ZooKeeperServer)
[2021-10-18 14:10:23,829] INFO tickTime set to 3000 (org.apache.zookeeper.server.ZooKeeperServer)
[2021-10-18 14:10:23,830] INFO minSessionTimeout set to -1 (org.apache.zookeeper.server.ZooKeeperServer)
[2021-10-18 14:10:23,830] INFO maxSessionTimeout set to -1 (org.apache.zookeeper.server.ZooKeeperServer)
[2021-10-18 14:10:23,890] INFO Using org.apache.zookeeper.server.NIOServerCnxnFactory as server connection factory (org.apache.zookeeper.server.ServerCnxnFactory)
[2021-10-18 14:10:23,893] INFO binding to port 0.0.0.0/0.0.0.0:2181 (org.apache.zookeeper.server.NIOServerCnxnFactory)
[2021-10-18 14:11:19,193] INFO Registered kafka:type=kafka.Log4jController MBean (kafka.utils.Log4jControllerRegistration$)
[2021-10-18 14:11:19,463] INFO starting (kafka.server.KafkaServer)
[2021-10-18 14:11:19,476] INFO Connecting to zookeeper on localhost:2181 (kafka.server.KafkaServer)
[2021-10-18 14:11:19,508] INFO [ZooKeeperClient Kafka server] Initializing a new session to localhost:2181. (kafka.zookeeper.ZooKeeperClient)
[2021-10-18 14:11:19,513] INFO Client environment:zookeeper.version=3.4.14-4c25d480e66aadd371de8bd2fd8da255ac140bcf, built on 03/06/2019 16:18 GMT (org.apache.zookeeper.ZooKeeper)
[2021-10-18 14:11:19,514] INFO Client environment:host.name=DESKTOP-767O0L9 (org.apache.zookeeper.ZooKeeper)
[2021-10-18 14:11:19,514] INFO Client environment:java.version=17 (org.apache.zookeeper.ZooKeeper)
[2021-10-18 14:11:19,514] INFO Client environment:java.vendor=Oracle Corporation (org.apache.zookeeper.ZooKeeper)
[2021-10-18 14:11:19,514] INFO Client environment:java.home=C:\Program Files\Java\jdk-17 (org.apache.zookeeper.ZooKeeper)
[2021-10-18 14:11:19,515] INFO Client environment:java.class.path=E:\LogAnalysis\kafka\libs\activation-1.1.1.jar;E:\LogAnalysis\kafka\libs\aopalliance-repackaged-2.5.0.jar;E:\LogAnalysis\kafka\libs\argparse4j-0.7.0.jar;E:\LogAnalysis\kafka\libs\audience-annotations-0.5.0.jar;E:\LogAnalysis\kafka\libs\commons-lang3-3.8.1.jar;E:\LogAnalysis\kafka\libs\connect-api-2.3.0.jar;E:\LogAnalysis\kafka\libs\connect-basic-auth-extension-2.3.0.jar;E:\LogAnalysis\kafka\libs\connect-file-2.3.0.jar;E:\LogAnalysis\kafka\libs\connect-json-2.3.0.jar;E:\LogAnalysis\kafka\libs\connect-runtime-2.3.0.jar;E:\LogAnalysis\kafka\libs\connect-transforms-2.3.0.jar;E:\LogAnalysis\kafka\libs\guava-20.0.jar;E:\LogAnalysis\kafka\libs\hk2-api-2.5.0.jar;E:\LogAnalysis\kafka\libs\hk2-locator-2.5.0.jar;E:\LogAnalysis\kafka\libs\hk2-utils-2.5.0.jar;E:\LogAnalysis\kafka\libs\jackson-annotations-2.9.9.jar;E:\LogAnalysis\kafka\libs\jackson-core-2.9.9.jar;E:\LogAnalysis\kafka\libs\jackson-databind-2.9.9.jar;E:\LogAnalysis\kafka\libs\jackson-dataformat-csv-2.9.9.jar;E:\LogAnalysis\kafka\libs\jackson-datatype-jdk8-2.9.9.jar;E:\LogAnalysis\kafka\libs\jackson-jaxrs-base-2.9.9.jar;E:\LogAnalysis\kafka\libs\jackson-jaxrs-json-provider-2.9.9.jar;E:\LogAnalysis\kafka\libs\jackson-module-jaxb-annotations-2.9.9.jar;E:\LogAnalysis\kafka\libs\jackson-module-paranamer-2.9.9.jar;E:\LogAnalysis\kafka\libs\jackson-module-scala_2.11-2.9.9.jar;E:\LogAnalysis\kafka\libs\jakarta.annotation-api-1.3.4.jar;E:\LogAnalysis\kafka\libs\jakarta.inject-2.5.0.jar;E:\LogAnalysis\kafka\libs\jakarta.ws.rs-api-2.1.5.jar;E:\LogAnalysis\kafka\libs\javassist-3.22.0-CR2.jar;E:\LogAnalysis\kafka\libs\javax.servlet-api-3.1.0.jar;E:\LogAnalysis\kafka\libs\javax.ws.rs-api-2.1.1.jar;E:\LogAnalysis\kafka\libs\jaxb-api-2.3.0.jar;E:\LogAnalysis\kafka\libs\jersey-client-2.28.jar;E:\LogAnalysis\kafka\libs\jersey-common-2.28.jar;E:\LogAnalysis\kafka\libs\jersey-container-servlet-2.28.jar;E:\LogAnalysis\kafka\libs\jersey-container-servlet-core-2.28.jar;E:\LogAnalysis\kafka\libs\jersey-hk2-2.28.jar;E:\LogAnalysis\kafka\libs\jersey-media-jaxb-2.28.jar;E:\LogAnalysis\kafka\libs\jersey-server-2.28.jar;E:\LogAnalysis\kafka\libs\jetty-client-9.4.18.v20190429.jar;E:\LogAnalysis\kafka\libs\jetty-continuation-9.4.18.v20190429.jar;E:\LogAnalysis\kafka\libs\jetty-http-9.4.18.v20190429.jar;E:\LogAnalysis\kafka\libs\jetty-io-9.4.18.v20190429.jar;E:\LogAnalysis\kafka\libs\jetty-security-9.4.18.v20190429.jar;E:\LogAnalysis\kafka\libs\jetty-server-9.4.18.v20190429.jar;E:\LogAnalysis\kafka\libs\jetty-servlet-9.4.18.v20190429.jar;E:\LogAnalysis\kafka\libs\jetty-servlets-9.4.18.v20190429.jar;E:\LogAnalysis\kafka\libs\jetty-util-9.4.18.v20190429.jar;E:\LogAnalysis\kafka\libs\jopt-simple-5.0.4.jar;E:\LogAnalysis\kafka\libs\jsr305-3.0.2.jar;E:\LogAnalysis\kafka\libs\kafka-clients-2.3.0.jar;E:\LogAnalysis\kafka\libs\kafka-log4j-appender-2.3.0.jar;E:\LogAnalysis\kafka\libs\kafka-streams-2.3.0.jar;E:\LogAnalysis\kafka\libs\kafka-streams-examples-2.3.0.jar;E:\LogAnalysis\kafka\libs\kafka-streams-scala_2.11-2.3.0.jar;E:\LogAnalysis\kafka\libs\kafka-streams-test-utils-2.3.0.jar;E:\LogAnalysis\kafka\libs\kafka-tools-2.3.0.jar;E:\LogAnalysis\kafka\libs\kafka_2.11-2.3.0-javadoc.jar;E:\LogAnalysis\kafka\libs\kafka_2.11-2.3.0-javadoc.jar.asc;E:\LogAnalysis\kafka\libs\kafka_2.11-2.3.0-scaladoc.jar;E:\LogAnalysis\kafka\libs\kafka_2.11-2.3.0-scaladoc.jar.asc;E:\LogAnalysis\kafka\libs\kafka_2.11-2.3.0-sources.jar;E:\LogAnalysis\kafka\libs\kafka_2.11-2.3.0-sources.jar.asc;E:\LogAnalysis\kafka\libs\kafka_2.11-2.3.0-test-sources.jar;E:\LogAnalysis\kafka\libs\kafka_2.11-2.3.0-test-sources.jar.asc;E:\LogAnalysis\kafka\libs\kafka_2.11-2.3.0-test.jar;E:\LogAnalysis\kafka\libs\kafka_2.11-2.3.0-test.jar.asc;E:\LogAnalysis\kafka\libs\kafka_2.11-2.3.0.jar;E:\LogAnalysis\kafka\libs\kafka_2.11-2.3.0.jar.asc;E:\LogAnalysis\kafka\libs\log4j-1.2.17.jar;E:\LogAnalysis\kafka\libs\lz4-java-1.6.0.jar;E:\LogAnalysis\kafka\libs\maven-artifact-3.6.1.jar;E:\LogAnalysis\kafka\libs\metrics-core-2.2.0.jar;E:\LogAnalysis\kafka\libs\osgi-resource-locator-1.0.1.jar;E:\LogAnalysis\kafka\libs\paranamer-2.8.jar;E:\LogAnalysis\kafka\libs\plexus-utils-3.2.0.jar;E:\LogAnalysis\kafka\libs\reflections-0.9.11.jar;E:\LogAnalysis\kafka\libs\rocksdbjni-5.18.3.jar;E:\LogAnalysis\kafka\libs\scala-library-2.11.12.jar;E:\LogAnalysis\kafka\libs\scala-logging_2.11-3.9.0.jar;E:\LogAnalysis\kafka\libs\scala-reflect-2.11.12.jar;E:\LogAnalysis\kafka\libs\slf4j-api-1.7.26.jar;E:\LogAnalysis\kafka\libs\slf4j-log4j12-1.7.26.jar;E:\LogAnalysis\kafka\libs\snappy-java-1.1.7.3.jar;E:\LogAnalysis\kafka\libs\spotbugs-annotations-3.1.9.jar;E:\LogAnalysis\kafka\libs\validation-api-2.0.1.Final.jar;E:\LogAnalysis\kafka\libs\zkclient-0.11.jar;E:\LogAnalysis\kafka\libs\zookeeper-3.4.14.jar;E:\LogAnalysis\kafka\libs\zstd-jni-1.4.0-1.jar (org.apache.zookeeper.ZooKeeper)
[2021-10-18 14:11:19,516] INFO Client environment:java.library.path=C:\Program Files\Java\jdk-17\bin;C:\Windows\Sun\Java\bin;C:\Windows\system32;C:\Windows;C:\Users\Nagaraju\anaconda3;C:\Users\Nagaraju\anaconda3\Library\mingw-w64\bin;C:\Users\Nagaraju\anaconda3\Library\usr\bin;C:\Users\Nagaraju\anaconda3\Library\bin;C:\Users\Nagaraju\anaconda3\Scripts;C:\Users\Nagaraju\anaconda3\bin;C:\Users\Nagaraju\anaconda3\condabin;C:\Users\Nagaraju\anaconda3;C:\Users\Nagaraju\anaconda3\Library\mingw-w64\bin;C:\Users\Nagaraju\anaconda3\Library\usr\bin;C:\Users\Nagaraju\anaconda3\Library\bin;C:\Users\Nagaraju\anaconda3\Scripts;C:\Program Files\Common Files\Oracle\Java\javapath;C:\Windows\system32;C:\Windows;C:\Windows\System32\Wbem;C:\Windows\System32\WindowsPowerShell\v1.0;C:\Windows\System32\OpenSSH;C:\Program Files\Java\jdk-14.0.2\bin;C:\Program Files\Java\jdk-14.0.2\lib;E:\LogAnalysis\kafka\bin\windows;.;. (org.apache.zookeeper.ZooKeeper)
[2021-10-18 14:11:19,517] INFO Client environment:java.io.tmpdir=C:\Users\Nagaraju\AppData\Local\Temp\ (org.apache.zookeeper.ZooKeeper)
[2021-10-18 14:11:19,517] INFO Client environment:java.compiler=<NA> (org.apache.zookeeper.ZooKeeper)
[2021-10-18 14:11:19,517] INFO Client environment:os.name=Windows 10 (org.apache.zookeeper.ZooKeeper)
[2021-10-18 14:11:19,517] INFO Client environment:os.arch=amd64 (org.apache.zookeeper.ZooKeeper)
[2021-10-18 14:11:19,517] INFO Client environment:os.version=10.0 (org.apache.zookeeper.ZooKeeper)
[2021-10-18 14:11:19,518] INFO Client environment:user.name=Nagaraju (org.apache.zookeeper.ZooKeeper)
[2021-10-18 14:11:19,518] INFO Client environment:user.home=C:\Users\Nagaraju (org.apache.zookeeper.ZooKeeper)
[2021-10-18 14:11:19,518] INFO Client environment:user.dir=C:\Users\Nagaraju (org.apache.zookeeper.ZooKeeper)
[2021-10-18 14:11:19,519] INFO Initiating client connection, connectString=localhost:2181 sessionTimeout=6000 watcher=kafka.zookeeper.ZooKeeperClient$ZooKeeperClientWatcher$@46b61c56 (org.apache.zookeeper.ZooKeeper)
[2021-10-18 14:11:19,602] INFO [ZooKeeperClient Kafka server] Waiting until connected. (kafka.zookeeper.ZooKeeperClient)
[2021-10-18 14:11:19,606] WARN Session 0x0 for server localhost/<unresolved>:2181, unexpected error, closing socket connection and attempting reconnect (org.apache.zookeeper.ClientCnxn)
java.lang.IllegalArgumentException: Unable to canonicalize address localhost/<unresolved>:2181 because it's not resolvable
	at org.apache.zookeeper.SaslServerPrincipal.getServerPrincipal(SaslServerPrincipal.java:65)
	at org.apache.zookeeper.SaslServerPrincipal.getServerPrincipal(SaslServerPrincipal.java:41)
	at org.apache.zookeeper.ClientCnxn$SendThread.startConnect(ClientCnxn.java:1001)
	at org.apache.zookeeper.ClientCnxn$SendThread.run(ClientCnxn.java:1060)
[2021-10-18 14:11:20,718] WARN Session 0x0 for server localhost/<unresolved>:2181, unexpected error, closing socket connection and attempting reconnect (org.apache.zookeeper.ClientCnxn)
java.lang.IllegalArgumentException: Unable to canonicalize address localhost/<unresolved>:2181 because it's not resolvable
	at org.apache.zookeeper.SaslServerPrincipal.getServerPrincipal(SaslServerPrincipal.java:65)
	at org.apache.zookeeper.SaslServerPrincipal.getServerPrincipal(SaslServerPrincipal.java:41)
	at org.apache.zookeeper.ClientCnxn$SendThread.startConnect(ClientCnxn.java:1001)
	at org.apache.zookeeper.ClientCnxn$SendThread.run(ClientCnxn.java:1060)
[2021-10-18 14:11:21,834] WARN Session 0x0 for server localhost/<unresolved>:2181, unexpected error, closing socket connection and attempting reconnect (org.apache.zookeeper.ClientCnxn)
java.lang.IllegalArgumentException: Unable to canonicalize address localhost/<unresolved>:2181 because it's not resolvable
	at org.apache.zookeeper.SaslServerPrincipal.getServerPrincipal(SaslServerPrincipal.java:65)
	at org.apache.zookeeper.SaslServerPrincipal.getServerPrincipal(SaslServerPrincipal.java:41)
	at org.apache.zookeeper.ClientCnxn$SendThread.startConnect(ClientCnxn.java:1001)
	at org.apache.zookeeper.ClientCnxn$SendThread.run(ClientCnxn.java:1060)
[2021-10-18 14:11:22,959] WARN Session 0x0 for server localhost/<unresolved>:2181, unexpected error, closing socket connection and attempting reconnect (org.apache.zookeeper.ClientCnxn)
java.lang.IllegalArgumentException: Unable to canonicalize address localhost/<unresolved>:2181 because it's not resolvable
	at org.apache.zookeeper.SaslServerPrincipal.getServerPrincipal(SaslServerPrincipal.java:65)
	at org.apache.zookeeper.SaslServerPrincipal.getServerPrincipal(SaslServerPrincipal.java:41)
	at org.apache.zookeeper.ClientCnxn$SendThread.startConnect(ClientCnxn.java:1001)
	at org.apache.zookeeper.ClientCnxn$SendThread.run(ClientCnxn.java:1060)
[2021-10-18 14:11:24,081] WARN Session 0x0 for server localhost/<unresolved>:2181, unexpected error, closing socket connection and attempting reconnect (org.apache.zookeeper.ClientCnxn)
java.lang.IllegalArgumentException: Unable to canonicalize address localhost/<unresolved>:2181 because it's not resolvable
	at org.apache.zookeeper.SaslServerPrincipal.getServerPrincipal(SaslServerPrincipal.java:65)
	at org.apache.zookeeper.SaslServerPrincipal.getServerPrincipal(SaslServerPrincipal.java:41)
	at org.apache.zookeeper.ClientCnxn$SendThread.startConnect(ClientCnxn.java:1001)
	at org.apache.zookeeper.ClientCnxn$SendThread.run(ClientCnxn.java:1060)
[2021-10-18 14:11:25,195] WARN Session 0x0 for server localhost/<unresolved>:2181, unexpected error, closing socket connection and attempting reconnect (org.apache.zookeeper.ClientCnxn)
java.lang.IllegalArgumentException: Unable to canonicalize address localhost/<unresolved>:2181 because it's not resolvable
	at org.apache.zookeeper.SaslServerPrincipal.getServerPrincipal(SaslServerPrincipal.java:65)
	at org.apache.zookeeper.SaslServerPrincipal.getServerPrincipal(SaslServerPrincipal.java:41)
	at org.apache.zookeeper.ClientCnxn$SendThread.startConnect(ClientCnxn.java:1001)
	at org.apache.zookeeper.ClientCnxn$SendThread.run(ClientCnxn.java:1060)
[2021-10-18 14:11:25,620] INFO [ZooKeeperClient Kafka server] Closing. (kafka.zookeeper.ZooKeeperClient)
[2021-10-18 14:11:26,431] INFO Session: 0x0 closed (org.apache.zookeeper.ZooKeeper)
[2021-10-18 14:11:26,431] INFO EventThread shut down for session: 0x0 (org.apache.zookeeper.ClientCnxn)
[2021-10-18 14:11:26,438] INFO [ZooKeeperClient Kafka server] Closed. (kafka.zookeeper.ZooKeeperClient)
[2021-10-18 14:11:26,445] ERROR Fatal error during KafkaServer startup. Prepare to shutdown (kafka.server.KafkaServer)
kafka.zookeeper.ZooKeeperClientTimeoutException: Timed out waiting for connection while in state: CONNECTING
	at kafka.zookeeper.ZooKeeperClient$$anonfun$kafka$zookeeper$ZooKeeperClient$$waitUntilConnected$1.apply$mcV$sp(ZooKeeperClient.scala:258)
	at kafka.zookeeper.ZooKeeperClient$$anonfun$kafka$zookeeper$ZooKeeperClient$$waitUntilConnected$1.apply(ZooKeeperClient.scala:254)
	at kafka.zookeeper.ZooKeeperClient$$anonfun$kafka$zookeeper$ZooKeeperClient$$waitUntilConnected$1.apply(ZooKeeperClient.scala:254)
	at kafka.utils.CoreUtils$.inLock(CoreUtils.scala:253)
	at kafka.zookeeper.ZooKeeperClient.kafka$zookeeper$ZooKeeperClient$$waitUntilConnected(ZooKeeperClient.scala:254)
	at kafka.zookeeper.ZooKeeperClient.<init>(ZooKeeperClient.scala:112)
	at kafka.zk.KafkaZkClient$.apply(KafkaZkClient.scala:1825)
	at kafka.server.KafkaServer.kafka$server$KafkaServer$$createZkClient$1(KafkaServer.scala:363)
	at kafka.server.KafkaServer.initZkClient(KafkaServer.scala:387)
	at kafka.server.KafkaServer.startup(KafkaServer.scala:207)
	at kafka.server.KafkaServerStartable.startup(KafkaServerStartable.scala:38)
	at kafka.Kafka$.main(Kafka.scala:84)
	at kafka.Kafka.main(Kafka.scala)
[2021-10-18 14:11:26,448] INFO shutting down (kafka.server.KafkaServer)
[2021-10-18 14:11:26,457] INFO shut down completed (kafka.server.KafkaServer)
[2021-10-18 14:11:26,457] ERROR Exiting Kafka. (kafka.server.KafkaServerStartable)
[2021-10-18 14:11:26,459] INFO shutting down (kafka.server.KafkaServer)
[2021-10-18 14:12:28,510] INFO Registered kafka:type=kafka.Log4jController MBean (kafka.utils.Log4jControllerRegistration$)
[2021-10-18 14:12:28,760] INFO starting (kafka.server.KafkaServer)
[2021-10-18 14:12:28,761] INFO Connecting to zookeeper on localhost:2181 (kafka.server.KafkaServer)
[2021-10-18 14:12:28,774] INFO [ZooKeeperClient Kafka server] Initializing a new session to localhost:2181. (kafka.zookeeper.ZooKeeperClient)
[2021-10-18 14:12:28,778] INFO Client environment:zookeeper.version=3.4.14-4c25d480e66aadd371de8bd2fd8da255ac140bcf, built on 03/06/2019 16:18 GMT (org.apache.zookeeper.ZooKeeper)
[2021-10-18 14:12:28,778] INFO Client environment:host.name=DESKTOP-767O0L9 (org.apache.zookeeper.ZooKeeper)
[2021-10-18 14:12:28,778] INFO Client environment:java.version=17 (org.apache.zookeeper.ZooKeeper)
[2021-10-18 14:12:28,778] INFO Client environment:java.vendor=Oracle Corporation (org.apache.zookeeper.ZooKeeper)
[2021-10-18 14:12:28,778] INFO Client environment:java.home=C:\Program Files\Java\jdk-17 (org.apache.zookeeper.ZooKeeper)
[2021-10-18 14:12:28,779] INFO Client environment:java.class.path=E:\LogAnalysis\kafka\libs\activation-1.1.1.jar;E:\LogAnalysis\kafka\libs\aopalliance-repackaged-2.5.0.jar;E:\LogAnalysis\kafka\libs\argparse4j-0.7.0.jar;E:\LogAnalysis\kafka\libs\audience-annotations-0.5.0.jar;E:\LogAnalysis\kafka\libs\commons-lang3-3.8.1.jar;E:\LogAnalysis\kafka\libs\connect-api-2.3.0.jar;E:\LogAnalysis\kafka\libs\connect-basic-auth-extension-2.3.0.jar;E:\LogAnalysis\kafka\libs\connect-file-2.3.0.jar;E:\LogAnalysis\kafka\libs\connect-json-2.3.0.jar;E:\LogAnalysis\kafka\libs\connect-runtime-2.3.0.jar;E:\LogAnalysis\kafka\libs\connect-transforms-2.3.0.jar;E:\LogAnalysis\kafka\libs\guava-20.0.jar;E:\LogAnalysis\kafka\libs\hk2-api-2.5.0.jar;E:\LogAnalysis\kafka\libs\hk2-locator-2.5.0.jar;E:\LogAnalysis\kafka\libs\hk2-utils-2.5.0.jar;E:\LogAnalysis\kafka\libs\jackson-annotations-2.9.9.jar;E:\LogAnalysis\kafka\libs\jackson-core-2.9.9.jar;E:\LogAnalysis\kafka\libs\jackson-databind-2.9.9.jar;E:\LogAnalysis\kafka\libs\jackson-dataformat-csv-2.9.9.jar;E:\LogAnalysis\kafka\libs\jackson-datatype-jdk8-2.9.9.jar;E:\LogAnalysis\kafka\libs\jackson-jaxrs-base-2.9.9.jar;E:\LogAnalysis\kafka\libs\jackson-jaxrs-json-provider-2.9.9.jar;E:\LogAnalysis\kafka\libs\jackson-module-jaxb-annotations-2.9.9.jar;E:\LogAnalysis\kafka\libs\jackson-module-paranamer-2.9.9.jar;E:\LogAnalysis\kafka\libs\jackson-module-scala_2.11-2.9.9.jar;E:\LogAnalysis\kafka\libs\jakarta.annotation-api-1.3.4.jar;E:\LogAnalysis\kafka\libs\jakarta.inject-2.5.0.jar;E:\LogAnalysis\kafka\libs\jakarta.ws.rs-api-2.1.5.jar;E:\LogAnalysis\kafka\libs\javassist-3.22.0-CR2.jar;E:\LogAnalysis\kafka\libs\javax.servlet-api-3.1.0.jar;E:\LogAnalysis\kafka\libs\javax.ws.rs-api-2.1.1.jar;E:\LogAnalysis\kafka\libs\jaxb-api-2.3.0.jar;E:\LogAnalysis\kafka\libs\jersey-client-2.28.jar;E:\LogAnalysis\kafka\libs\jersey-common-2.28.jar;E:\LogAnalysis\kafka\libs\jersey-container-servlet-2.28.jar;E:\LogAnalysis\kafka\libs\jersey-container-servlet-core-2.28.jar;E:\LogAnalysis\kafka\libs\jersey-hk2-2.28.jar;E:\LogAnalysis\kafka\libs\jersey-media-jaxb-2.28.jar;E:\LogAnalysis\kafka\libs\jersey-server-2.28.jar;E:\LogAnalysis\kafka\libs\jetty-client-9.4.18.v20190429.jar;E:\LogAnalysis\kafka\libs\jetty-continuation-9.4.18.v20190429.jar;E:\LogAnalysis\kafka\libs\jetty-http-9.4.18.v20190429.jar;E:\LogAnalysis\kafka\libs\jetty-io-9.4.18.v20190429.jar;E:\LogAnalysis\kafka\libs\jetty-security-9.4.18.v20190429.jar;E:\LogAnalysis\kafka\libs\jetty-server-9.4.18.v20190429.jar;E:\LogAnalysis\kafka\libs\jetty-servlet-9.4.18.v20190429.jar;E:\LogAnalysis\kafka\libs\jetty-servlets-9.4.18.v20190429.jar;E:\LogAnalysis\kafka\libs\jetty-util-9.4.18.v20190429.jar;E:\LogAnalysis\kafka\libs\jopt-simple-5.0.4.jar;E:\LogAnalysis\kafka\libs\jsr305-3.0.2.jar;E:\LogAnalysis\kafka\libs\kafka-clients-2.3.0.jar;E:\LogAnalysis\kafka\libs\kafka-log4j-appender-2.3.0.jar;E:\LogAnalysis\kafka\libs\kafka-streams-2.3.0.jar;E:\LogAnalysis\kafka\libs\kafka-streams-examples-2.3.0.jar;E:\LogAnalysis\kafka\libs\kafka-streams-scala_2.11-2.3.0.jar;E:\LogAnalysis\kafka\libs\kafka-streams-test-utils-2.3.0.jar;E:\LogAnalysis\kafka\libs\kafka-tools-2.3.0.jar;E:\LogAnalysis\kafka\libs\kafka_2.11-2.3.0-javadoc.jar;E:\LogAnalysis\kafka\libs\kafka_2.11-2.3.0-javadoc.jar.asc;E:\LogAnalysis\kafka\libs\kafka_2.11-2.3.0-scaladoc.jar;E:\LogAnalysis\kafka\libs\kafka_2.11-2.3.0-scaladoc.jar.asc;E:\LogAnalysis\kafka\libs\kafka_2.11-2.3.0-sources.jar;E:\LogAnalysis\kafka\libs\kafka_2.11-2.3.0-sources.jar.asc;E:\LogAnalysis\kafka\libs\kafka_2.11-2.3.0-test-sources.jar;E:\LogAnalysis\kafka\libs\kafka_2.11-2.3.0-test-sources.jar.asc;E:\LogAnalysis\kafka\libs\kafka_2.11-2.3.0-test.jar;E:\LogAnalysis\kafka\libs\kafka_2.11-2.3.0-test.jar.asc;E:\LogAnalysis\kafka\libs\kafka_2.11-2.3.0.jar;E:\LogAnalysis\kafka\libs\kafka_2.11-2.3.0.jar.asc;E:\LogAnalysis\kafka\libs\log4j-1.2.17.jar;E:\LogAnalysis\kafka\libs\lz4-java-1.6.0.jar;E:\LogAnalysis\kafka\libs\maven-artifact-3.6.1.jar;E:\LogAnalysis\kafka\libs\metrics-core-2.2.0.jar;E:\LogAnalysis\kafka\libs\osgi-resource-locator-1.0.1.jar;E:\LogAnalysis\kafka\libs\paranamer-2.8.jar;E:\LogAnalysis\kafka\libs\plexus-utils-3.2.0.jar;E:\LogAnalysis\kafka\libs\reflections-0.9.11.jar;E:\LogAnalysis\kafka\libs\rocksdbjni-5.18.3.jar;E:\LogAnalysis\kafka\libs\scala-library-2.11.12.jar;E:\LogAnalysis\kafka\libs\scala-logging_2.11-3.9.0.jar;E:\LogAnalysis\kafka\libs\scala-reflect-2.11.12.jar;E:\LogAnalysis\kafka\libs\slf4j-api-1.7.26.jar;E:\LogAnalysis\kafka\libs\slf4j-log4j12-1.7.26.jar;E:\LogAnalysis\kafka\libs\snappy-java-1.1.7.3.jar;E:\LogAnalysis\kafka\libs\spotbugs-annotations-3.1.9.jar;E:\LogAnalysis\kafka\libs\validation-api-2.0.1.Final.jar;E:\LogAnalysis\kafka\libs\zkclient-0.11.jar;E:\LogAnalysis\kafka\libs\zookeeper-3.4.14.jar;E:\LogAnalysis\kafka\libs\zstd-jni-1.4.0-1.jar (org.apache.zookeeper.ZooKeeper)
[2021-10-18 14:12:28,780] INFO Client environment:java.library.path=C:\Program Files\Java\jdk-17\bin;C:\Windows\Sun\Java\bin;C:\Windows\system32;C:\Windows;C:\Users\Nagaraju\anaconda3;C:\Users\Nagaraju\anaconda3\Library\mingw-w64\bin;C:\Users\Nagaraju\anaconda3\Library\usr\bin;C:\Users\Nagaraju\anaconda3\Library\bin;C:\Users\Nagaraju\anaconda3\Scripts;C:\Users\Nagaraju\anaconda3\bin;C:\Users\Nagaraju\anaconda3\condabin;C:\Users\Nagaraju\anaconda3;C:\Users\Nagaraju\anaconda3\Library\mingw-w64\bin;C:\Users\Nagaraju\anaconda3\Library\usr\bin;C:\Users\Nagaraju\anaconda3\Library\bin;C:\Users\Nagaraju\anaconda3\Scripts;C:\Program Files\Common Files\Oracle\Java\javapath;C:\Windows\system32;C:\Windows;C:\Windows\System32\Wbem;C:\Windows\System32\WindowsPowerShell\v1.0;C:\Windows\System32\OpenSSH;C:\Program Files\Java\jdk-14.0.2\bin;C:\Program Files\Java\jdk-14.0.2\lib;E:\LogAnalysis\kafka\bin\windows;.;. (org.apache.zookeeper.ZooKeeper)
[2021-10-18 14:12:28,780] INFO Client environment:java.io.tmpdir=C:\Users\Nagaraju\AppData\Local\Temp\ (org.apache.zookeeper.ZooKeeper)
[2021-10-18 14:12:28,781] INFO Client environment:java.compiler=<NA> (org.apache.zookeeper.ZooKeeper)
[2021-10-18 14:12:28,781] INFO Client environment:os.name=Windows 10 (org.apache.zookeeper.ZooKeeper)
[2021-10-18 14:12:28,781] INFO Client environment:os.arch=amd64 (org.apache.zookeeper.ZooKeeper)
[2021-10-18 14:12:28,781] INFO Client environment:os.version=10.0 (org.apache.zookeeper.ZooKeeper)
[2021-10-18 14:12:28,781] INFO Client environment:user.name=Nagaraju (org.apache.zookeeper.ZooKeeper)
[2021-10-18 14:12:28,782] INFO Client environment:user.home=C:\Users\Nagaraju (org.apache.zookeeper.ZooKeeper)
[2021-10-18 14:12:28,782] INFO Client environment:user.dir=C:\Users\Nagaraju (org.apache.zookeeper.ZooKeeper)
[2021-10-18 14:12:28,783] INFO Initiating client connection, connectString=localhost:2181 sessionTimeout=6000 watcher=kafka.zookeeper.ZooKeeperClient$ZooKeeperClientWatcher$@481ba2cf (org.apache.zookeeper.ZooKeeper)
[2021-10-18 14:12:28,840] INFO [ZooKeeperClient Kafka server] Waiting until connected. (kafka.zookeeper.ZooKeeperClient)
[2021-10-18 14:12:28,846] WARN Session 0x0 for server localhost/<unresolved>:2181, unexpected error, closing socket connection and attempting reconnect (org.apache.zookeeper.ClientCnxn)
java.lang.IllegalArgumentException: Unable to canonicalize address localhost/<unresolved>:2181 because it's not resolvable
	at org.apache.zookeeper.SaslServerPrincipal.getServerPrincipal(SaslServerPrincipal.java:65)
	at org.apache.zookeeper.SaslServerPrincipal.getServerPrincipal(SaslServerPrincipal.java:41)
	at org.apache.zookeeper.ClientCnxn$SendThread.startConnect(ClientCnxn.java:1001)
	at org.apache.zookeeper.ClientCnxn$SendThread.run(ClientCnxn.java:1060)
[2021-10-18 14:12:29,975] WARN Session 0x0 for server localhost/<unresolved>:2181, unexpected error, closing socket connection and attempting reconnect (org.apache.zookeeper.ClientCnxn)
java.lang.IllegalArgumentException: Unable to canonicalize address localhost/<unresolved>:2181 because it's not resolvable
	at org.apache.zookeeper.SaslServerPrincipal.getServerPrincipal(SaslServerPrincipal.java:65)
	at org.apache.zookeeper.SaslServerPrincipal.getServerPrincipal(SaslServerPrincipal.java:41)
	at org.apache.zookeeper.ClientCnxn$SendThread.startConnect(ClientCnxn.java:1001)
	at org.apache.zookeeper.ClientCnxn$SendThread.run(ClientCnxn.java:1060)
[2021-10-18 14:12:31,101] WARN Session 0x0 for server localhost/<unresolved>:2181, unexpected error, closing socket connection and attempting reconnect (org.apache.zookeeper.ClientCnxn)
java.lang.IllegalArgumentException: Unable to canonicalize address localhost/<unresolved>:2181 because it's not resolvable
	at org.apache.zookeeper.SaslServerPrincipal.getServerPrincipal(SaslServerPrincipal.java:65)
	at org.apache.zookeeper.SaslServerPrincipal.getServerPrincipal(SaslServerPrincipal.java:41)
	at org.apache.zookeeper.ClientCnxn$SendThread.startConnect(ClientCnxn.java:1001)
	at org.apache.zookeeper.ClientCnxn$SendThread.run(ClientCnxn.java:1060)
[2021-10-18 14:12:32,213] WARN Session 0x0 for server localhost/<unresolved>:2181, unexpected error, closing socket connection and attempting reconnect (org.apache.zookeeper.ClientCnxn)
java.lang.IllegalArgumentException: Unable to canonicalize address localhost/<unresolved>:2181 because it's not resolvable
	at org.apache.zookeeper.SaslServerPrincipal.getServerPrincipal(SaslServerPrincipal.java:65)
	at org.apache.zookeeper.SaslServerPrincipal.getServerPrincipal(SaslServerPrincipal.java:41)
	at org.apache.zookeeper.ClientCnxn$SendThread.startConnect(ClientCnxn.java:1001)
	at org.apache.zookeeper.ClientCnxn$SendThread.run(ClientCnxn.java:1060)
[2021-10-18 14:12:33,325] WARN Session 0x0 for server localhost/<unresolved>:2181, unexpected error, closing socket connection and attempting reconnect (org.apache.zookeeper.ClientCnxn)
java.lang.IllegalArgumentException: Unable to canonicalize address localhost/<unresolved>:2181 because it's not resolvable
	at org.apache.zookeeper.SaslServerPrincipal.getServerPrincipal(SaslServerPrincipal.java:65)
	at org.apache.zookeeper.SaslServerPrincipal.getServerPrincipal(SaslServerPrincipal.java:41)
	at org.apache.zookeeper.ClientCnxn$SendThread.startConnect(ClientCnxn.java:1001)
	at org.apache.zookeeper.ClientCnxn$SendThread.run(ClientCnxn.java:1060)
[2021-10-18 14:12:34,445] WARN Session 0x0 for server localhost/<unresolved>:2181, unexpected error, closing socket connection and attempting reconnect (org.apache.zookeeper.ClientCnxn)
java.lang.IllegalArgumentException: Unable to canonicalize address localhost/<unresolved>:2181 because it's not resolvable
	at org.apache.zookeeper.SaslServerPrincipal.getServerPrincipal(SaslServerPrincipal.java:65)
	at org.apache.zookeeper.SaslServerPrincipal.getServerPrincipal(SaslServerPrincipal.java:41)
	at org.apache.zookeeper.ClientCnxn$SendThread.startConnect(ClientCnxn.java:1001)
	at org.apache.zookeeper.ClientCnxn$SendThread.run(ClientCnxn.java:1060)
[2021-10-18 14:12:34,855] INFO [ZooKeeperClient Kafka server] Closing. (kafka.zookeeper.ZooKeeperClient)
[2021-10-18 14:12:35,682] INFO Session: 0x0 closed (org.apache.zookeeper.ZooKeeper)
[2021-10-18 14:12:35,682] INFO EventThread shut down for session: 0x0 (org.apache.zookeeper.ClientCnxn)
[2021-10-18 14:12:35,684] INFO [ZooKeeperClient Kafka server] Closed. (kafka.zookeeper.ZooKeeperClient)
[2021-10-18 14:12:35,686] ERROR Fatal error during KafkaServer startup. Prepare to shutdown (kafka.server.KafkaServer)
kafka.zookeeper.ZooKeeperClientTimeoutException: Timed out waiting for connection while in state: CONNECTING
	at kafka.zookeeper.ZooKeeperClient$$anonfun$kafka$zookeeper$ZooKeeperClient$$waitUntilConnected$1.apply$mcV$sp(ZooKeeperClient.scala:258)
	at kafka.zookeeper.ZooKeeperClient$$anonfun$kafka$zookeeper$ZooKeeperClient$$waitUntilConnected$1.apply(ZooKeeperClient.scala:254)
	at kafka.zookeeper.ZooKeeperClient$$anonfun$kafka$zookeeper$ZooKeeperClient$$waitUntilConnected$1.apply(ZooKeeperClient.scala:254)
	at kafka.utils.CoreUtils$.inLock(CoreUtils.scala:253)
	at kafka.zookeeper.ZooKeeperClient.kafka$zookeeper$ZooKeeperClient$$waitUntilConnected(ZooKeeperClient.scala:254)
	at kafka.zookeeper.ZooKeeperClient.<init>(ZooKeeperClient.scala:112)
	at kafka.zk.KafkaZkClient$.apply(KafkaZkClient.scala:1825)
	at kafka.server.KafkaServer.kafka$server$KafkaServer$$createZkClient$1(KafkaServer.scala:363)
	at kafka.server.KafkaServer.initZkClient(KafkaServer.scala:387)
	at kafka.server.KafkaServer.startup(KafkaServer.scala:207)
	at kafka.server.KafkaServerStartable.startup(KafkaServerStartable.scala:38)
	at kafka.Kafka$.main(Kafka.scala:84)
	at kafka.Kafka.main(Kafka.scala)
[2021-10-18 14:12:35,687] INFO shutting down (kafka.server.KafkaServer)
[2021-10-18 14:12:35,691] INFO shut down completed (kafka.server.KafkaServer)
[2021-10-18 14:12:35,692] ERROR Exiting Kafka. (kafka.server.KafkaServerStartable)
[2021-10-18 14:12:35,694] INFO shutting down (kafka.server.KafkaServer)
[2021-10-18 14:19:45,035] INFO Registered kafka:type=kafka.Log4jController MBean (kafka.utils.Log4jControllerRegistration$)
[2021-10-18 14:19:45,309] INFO starting (kafka.server.KafkaServer)
[2021-10-18 14:19:45,310] INFO Connecting to zookeeper on localhost:2181 (kafka.server.KafkaServer)
[2021-10-18 14:19:45,340] INFO [ZooKeeperClient Kafka server] Initializing a new session to localhost:2181. (kafka.zookeeper.ZooKeeperClient)
[2021-10-18 14:19:45,344] INFO Client environment:zookeeper.version=3.4.14-4c25d480e66aadd371de8bd2fd8da255ac140bcf, built on 03/06/2019 16:18 GMT (org.apache.zookeeper.ZooKeeper)
[2021-10-18 14:19:45,344] INFO Client environment:host.name=DESKTOP-767O0L9 (org.apache.zookeeper.ZooKeeper)
[2021-10-18 14:19:45,344] INFO Client environment:java.version=17 (org.apache.zookeeper.ZooKeeper)
[2021-10-18 14:19:45,345] INFO Client environment:java.vendor=Oracle Corporation (org.apache.zookeeper.ZooKeeper)
[2021-10-18 14:19:45,345] INFO Client environment:java.home=C:\Program Files\Java\jdk-17 (org.apache.zookeeper.ZooKeeper)
[2021-10-18 14:19:45,345] INFO Client environment:java.class.path=E:\LogAnalysis\kafka\libs\activation-1.1.1.jar;E:\LogAnalysis\kafka\libs\aopalliance-repackaged-2.5.0.jar;E:\LogAnalysis\kafka\libs\argparse4j-0.7.0.jar;E:\LogAnalysis\kafka\libs\audience-annotations-0.5.0.jar;E:\LogAnalysis\kafka\libs\commons-lang3-3.8.1.jar;E:\LogAnalysis\kafka\libs\connect-api-2.3.0.jar;E:\LogAnalysis\kafka\libs\connect-basic-auth-extension-2.3.0.jar;E:\LogAnalysis\kafka\libs\connect-file-2.3.0.jar;E:\LogAnalysis\kafka\libs\connect-json-2.3.0.jar;E:\LogAnalysis\kafka\libs\connect-runtime-2.3.0.jar;E:\LogAnalysis\kafka\libs\connect-transforms-2.3.0.jar;E:\LogAnalysis\kafka\libs\guava-20.0.jar;E:\LogAnalysis\kafka\libs\hk2-api-2.5.0.jar;E:\LogAnalysis\kafka\libs\hk2-locator-2.5.0.jar;E:\LogAnalysis\kafka\libs\hk2-utils-2.5.0.jar;E:\LogAnalysis\kafka\libs\jackson-annotations-2.9.9.jar;E:\LogAnalysis\kafka\libs\jackson-core-2.9.9.jar;E:\LogAnalysis\kafka\libs\jackson-databind-2.9.9.jar;E:\LogAnalysis\kafka\libs\jackson-dataformat-csv-2.9.9.jar;E:\LogAnalysis\kafka\libs\jackson-datatype-jdk8-2.9.9.jar;E:\LogAnalysis\kafka\libs\jackson-jaxrs-base-2.9.9.jar;E:\LogAnalysis\kafka\libs\jackson-jaxrs-json-provider-2.9.9.jar;E:\LogAnalysis\kafka\libs\jackson-module-jaxb-annotations-2.9.9.jar;E:\LogAnalysis\kafka\libs\jackson-module-paranamer-2.9.9.jar;E:\LogAnalysis\kafka\libs\jackson-module-scala_2.11-2.9.9.jar;E:\LogAnalysis\kafka\libs\jakarta.annotation-api-1.3.4.jar;E:\LogAnalysis\kafka\libs\jakarta.inject-2.5.0.jar;E:\LogAnalysis\kafka\libs\jakarta.ws.rs-api-2.1.5.jar;E:\LogAnalysis\kafka\libs\javassist-3.22.0-CR2.jar;E:\LogAnalysis\kafka\libs\javax.servlet-api-3.1.0.jar;E:\LogAnalysis\kafka\libs\javax.ws.rs-api-2.1.1.jar;E:\LogAnalysis\kafka\libs\jaxb-api-2.3.0.jar;E:\LogAnalysis\kafka\libs\jersey-client-2.28.jar;E:\LogAnalysis\kafka\libs\jersey-common-2.28.jar;E:\LogAnalysis\kafka\libs\jersey-container-servlet-2.28.jar;E:\LogAnalysis\kafka\libs\jersey-container-servlet-core-2.28.jar;E:\LogAnalysis\kafka\libs\jersey-hk2-2.28.jar;E:\LogAnalysis\kafka\libs\jersey-media-jaxb-2.28.jar;E:\LogAnalysis\kafka\libs\jersey-server-2.28.jar;E:\LogAnalysis\kafka\libs\jetty-client-9.4.18.v20190429.jar;E:\LogAnalysis\kafka\libs\jetty-continuation-9.4.18.v20190429.jar;E:\LogAnalysis\kafka\libs\jetty-http-9.4.18.v20190429.jar;E:\LogAnalysis\kafka\libs\jetty-io-9.4.18.v20190429.jar;E:\LogAnalysis\kafka\libs\jetty-security-9.4.18.v20190429.jar;E:\LogAnalysis\kafka\libs\jetty-server-9.4.18.v20190429.jar;E:\LogAnalysis\kafka\libs\jetty-servlet-9.4.18.v20190429.jar;E:\LogAnalysis\kafka\libs\jetty-servlets-9.4.18.v20190429.jar;E:\LogAnalysis\kafka\libs\jetty-util-9.4.18.v20190429.jar;E:\LogAnalysis\kafka\libs\jopt-simple-5.0.4.jar;E:\LogAnalysis\kafka\libs\jsr305-3.0.2.jar;E:\LogAnalysis\kafka\libs\kafka-clients-2.3.0.jar;E:\LogAnalysis\kafka\libs\kafka-log4j-appender-2.3.0.jar;E:\LogAnalysis\kafka\libs\kafka-streams-2.3.0.jar;E:\LogAnalysis\kafka\libs\kafka-streams-examples-2.3.0.jar;E:\LogAnalysis\kafka\libs\kafka-streams-scala_2.11-2.3.0.jar;E:\LogAnalysis\kafka\libs\kafka-streams-test-utils-2.3.0.jar;E:\LogAnalysis\kafka\libs\kafka-tools-2.3.0.jar;E:\LogAnalysis\kafka\libs\kafka_2.11-2.3.0-javadoc.jar;E:\LogAnalysis\kafka\libs\kafka_2.11-2.3.0-javadoc.jar.asc;E:\LogAnalysis\kafka\libs\kafka_2.11-2.3.0-scaladoc.jar;E:\LogAnalysis\kafka\libs\kafka_2.11-2.3.0-scaladoc.jar.asc;E:\LogAnalysis\kafka\libs\kafka_2.11-2.3.0-sources.jar;E:\LogAnalysis\kafka\libs\kafka_2.11-2.3.0-sources.jar.asc;E:\LogAnalysis\kafka\libs\kafka_2.11-2.3.0-test-sources.jar;E:\LogAnalysis\kafka\libs\kafka_2.11-2.3.0-test-sources.jar.asc;E:\LogAnalysis\kafka\libs\kafka_2.11-2.3.0-test.jar;E:\LogAnalysis\kafka\libs\kafka_2.11-2.3.0-test.jar.asc;E:\LogAnalysis\kafka\libs\kafka_2.11-2.3.0.jar;E:\LogAnalysis\kafka\libs\kafka_2.11-2.3.0.jar.asc;E:\LogAnalysis\kafka\libs\log4j-1.2.17.jar;E:\LogAnalysis\kafka\libs\lz4-java-1.6.0.jar;E:\LogAnalysis\kafka\libs\maven-artifact-3.6.1.jar;E:\LogAnalysis\kafka\libs\metrics-core-2.2.0.jar;E:\LogAnalysis\kafka\libs\osgi-resource-locator-1.0.1.jar;E:\LogAnalysis\kafka\libs\paranamer-2.8.jar;E:\LogAnalysis\kafka\libs\plexus-utils-3.2.0.jar;E:\LogAnalysis\kafka\libs\reflections-0.9.11.jar;E:\LogAnalysis\kafka\libs\rocksdbjni-5.18.3.jar;E:\LogAnalysis\kafka\libs\scala-library-2.11.12.jar;E:\LogAnalysis\kafka\libs\scala-logging_2.11-3.9.0.jar;E:\LogAnalysis\kafka\libs\scala-reflect-2.11.12.jar;E:\LogAnalysis\kafka\libs\slf4j-api-1.7.26.jar;E:\LogAnalysis\kafka\libs\slf4j-log4j12-1.7.26.jar;E:\LogAnalysis\kafka\libs\snappy-java-1.1.7.3.jar;E:\LogAnalysis\kafka\libs\spotbugs-annotations-3.1.9.jar;E:\LogAnalysis\kafka\libs\validation-api-2.0.1.Final.jar;E:\LogAnalysis\kafka\libs\zkclient-0.11.jar;E:\LogAnalysis\kafka\libs\zookeeper-3.4.14.jar;E:\LogAnalysis\kafka\libs\zstd-jni-1.4.0-1.jar (org.apache.zookeeper.ZooKeeper)
[2021-10-18 14:19:45,346] INFO Client environment:java.library.path=C:\Program Files\Java\jdk-17\bin;C:\Windows\Sun\Java\bin;C:\Windows\system32;C:\Windows;C:\Users\Nagaraju\anaconda3;C:\Users\Nagaraju\anaconda3\Library\mingw-w64\bin;C:\Users\Nagaraju\anaconda3\Library\usr\bin;C:\Users\Nagaraju\anaconda3\Library\bin;C:\Users\Nagaraju\anaconda3\Scripts;C:\Users\Nagaraju\anaconda3\bin;C:\Users\Nagaraju\anaconda3\condabin;C:\Users\Nagaraju\anaconda3;C:\Users\Nagaraju\anaconda3\Library\mingw-w64\bin;C:\Users\Nagaraju\anaconda3\Library\usr\bin;C:\Users\Nagaraju\anaconda3\Library\bin;C:\Users\Nagaraju\anaconda3\Scripts;C:\Program Files\Common Files\Oracle\Java\javapath;C:\Windows\system32;C:\Windows;C:\Windows\System32\Wbem;C:\Windows\System32\WindowsPowerShell\v1.0;C:\Windows\System32\OpenSSH;C:\Program Files\Java\jdk-14.0.2\bin;C:\Program Files\Java\jdk-14.0.2\lib;E:\LogAnalysis\kafka\bin\windows;.;. (org.apache.zookeeper.ZooKeeper)
[2021-10-18 14:19:45,346] INFO Client environment:java.io.tmpdir=C:\Users\Nagaraju\AppData\Local\Temp\ (org.apache.zookeeper.ZooKeeper)
[2021-10-18 14:19:45,347] INFO Client environment:java.compiler=<NA> (org.apache.zookeeper.ZooKeeper)
[2021-10-18 14:19:45,348] INFO Client environment:os.name=Windows 10 (org.apache.zookeeper.ZooKeeper)
[2021-10-18 14:19:45,349] INFO Client environment:os.arch=amd64 (org.apache.zookeeper.ZooKeeper)
[2021-10-18 14:19:45,349] INFO Client environment:os.version=10.0 (org.apache.zookeeper.ZooKeeper)
[2021-10-18 14:19:45,350] INFO Client environment:user.name=Nagaraju (org.apache.zookeeper.ZooKeeper)
[2021-10-18 14:19:45,350] INFO Client environment:user.home=C:\Users\Nagaraju (org.apache.zookeeper.ZooKeeper)
[2021-10-18 14:19:45,350] INFO Client environment:user.dir=C:\Users\Nagaraju (org.apache.zookeeper.ZooKeeper)
[2021-10-18 14:19:45,351] INFO Initiating client connection, connectString=localhost:2181 sessionTimeout=6000 watcher=kafka.zookeeper.ZooKeeperClient$ZooKeeperClientWatcher$@481ba2cf (org.apache.zookeeper.ZooKeeper)
[2021-10-18 14:19:45,411] INFO [ZooKeeperClient Kafka server] Waiting until connected. (kafka.zookeeper.ZooKeeperClient)
[2021-10-18 14:19:45,414] WARN Session 0x0 for server localhost/<unresolved>:2181, unexpected error, closing socket connection and attempting reconnect (org.apache.zookeeper.ClientCnxn)
java.lang.IllegalArgumentException: Unable to canonicalize address localhost/<unresolved>:2181 because it's not resolvable
	at org.apache.zookeeper.SaslServerPrincipal.getServerPrincipal(SaslServerPrincipal.java:65)
	at org.apache.zookeeper.SaslServerPrincipal.getServerPrincipal(SaslServerPrincipal.java:41)
	at org.apache.zookeeper.ClientCnxn$SendThread.startConnect(ClientCnxn.java:1001)
	at org.apache.zookeeper.ClientCnxn$SendThread.run(ClientCnxn.java:1060)
[2021-10-18 14:19:46,539] WARN Session 0x0 for server localhost/<unresolved>:2181, unexpected error, closing socket connection and attempting reconnect (org.apache.zookeeper.ClientCnxn)
java.lang.IllegalArgumentException: Unable to canonicalize address localhost/<unresolved>:2181 because it's not resolvable
	at org.apache.zookeeper.SaslServerPrincipal.getServerPrincipal(SaslServerPrincipal.java:65)
	at org.apache.zookeeper.SaslServerPrincipal.getServerPrincipal(SaslServerPrincipal.java:41)
	at org.apache.zookeeper.ClientCnxn$SendThread.startConnect(ClientCnxn.java:1001)
	at org.apache.zookeeper.ClientCnxn$SendThread.run(ClientCnxn.java:1060)
[2021-10-18 14:19:47,658] WARN Session 0x0 for server localhost/<unresolved>:2181, unexpected error, closing socket connection and attempting reconnect (org.apache.zookeeper.ClientCnxn)
java.lang.IllegalArgumentException: Unable to canonicalize address localhost/<unresolved>:2181 because it's not resolvable
	at org.apache.zookeeper.SaslServerPrincipal.getServerPrincipal(SaslServerPrincipal.java:65)
	at org.apache.zookeeper.SaslServerPrincipal.getServerPrincipal(SaslServerPrincipal.java:41)
	at org.apache.zookeeper.ClientCnxn$SendThread.startConnect(ClientCnxn.java:1001)
	at org.apache.zookeeper.ClientCnxn$SendThread.run(ClientCnxn.java:1060)
[2021-10-18 14:19:48,772] WARN Session 0x0 for server localhost/<unresolved>:2181, unexpected error, closing socket connection and attempting reconnect (org.apache.zookeeper.ClientCnxn)
java.lang.IllegalArgumentException: Unable to canonicalize address localhost/<unresolved>:2181 because it's not resolvable
	at org.apache.zookeeper.SaslServerPrincipal.getServerPrincipal(SaslServerPrincipal.java:65)
	at org.apache.zookeeper.SaslServerPrincipal.getServerPrincipal(SaslServerPrincipal.java:41)
	at org.apache.zookeeper.ClientCnxn$SendThread.startConnect(ClientCnxn.java:1001)
	at org.apache.zookeeper.ClientCnxn$SendThread.run(ClientCnxn.java:1060)
[2021-10-18 14:19:49,892] WARN Session 0x0 for server localhost/<unresolved>:2181, unexpected error, closing socket connection and attempting reconnect (org.apache.zookeeper.ClientCnxn)
java.lang.IllegalArgumentException: Unable to canonicalize address localhost/<unresolved>:2181 because it's not resolvable
	at org.apache.zookeeper.SaslServerPrincipal.getServerPrincipal(SaslServerPrincipal.java:65)
	at org.apache.zookeeper.SaslServerPrincipal.getServerPrincipal(SaslServerPrincipal.java:41)
	at org.apache.zookeeper.ClientCnxn$SendThread.startConnect(ClientCnxn.java:1001)
	at org.apache.zookeeper.ClientCnxn$SendThread.run(ClientCnxn.java:1060)
[2021-10-18 14:19:51,008] WARN Session 0x0 for server localhost/<unresolved>:2181, unexpected error, closing socket connection and attempting reconnect (org.apache.zookeeper.ClientCnxn)
java.lang.IllegalArgumentException: Unable to canonicalize address localhost/<unresolved>:2181 because it's not resolvable
	at org.apache.zookeeper.SaslServerPrincipal.getServerPrincipal(SaslServerPrincipal.java:65)
	at org.apache.zookeeper.SaslServerPrincipal.getServerPrincipal(SaslServerPrincipal.java:41)
	at org.apache.zookeeper.ClientCnxn$SendThread.startConnect(ClientCnxn.java:1001)
	at org.apache.zookeeper.ClientCnxn$SendThread.run(ClientCnxn.java:1060)
[2021-10-18 14:19:51,422] INFO [ZooKeeperClient Kafka server] Closing. (kafka.zookeeper.ZooKeeperClient)
[2021-10-18 14:19:52,258] INFO Session: 0x0 closed (org.apache.zookeeper.ZooKeeper)
[2021-10-18 14:19:52,258] INFO EventThread shut down for session: 0x0 (org.apache.zookeeper.ClientCnxn)
[2021-10-18 14:19:52,263] INFO [ZooKeeperClient Kafka server] Closed. (kafka.zookeeper.ZooKeeperClient)
[2021-10-18 14:19:52,263] ERROR Fatal error during KafkaServer startup. Prepare to shutdown (kafka.server.KafkaServer)
kafka.zookeeper.ZooKeeperClientTimeoutException: Timed out waiting for connection while in state: CONNECTING
	at kafka.zookeeper.ZooKeeperClient$$anonfun$kafka$zookeeper$ZooKeeperClient$$waitUntilConnected$1.apply$mcV$sp(ZooKeeperClient.scala:258)
	at kafka.zookeeper.ZooKeeperClient$$anonfun$kafka$zookeeper$ZooKeeperClient$$waitUntilConnected$1.apply(ZooKeeperClient.scala:254)
	at kafka.zookeeper.ZooKeeperClient$$anonfun$kafka$zookeeper$ZooKeeperClient$$waitUntilConnected$1.apply(ZooKeeperClient.scala:254)
	at kafka.utils.CoreUtils$.inLock(CoreUtils.scala:253)
	at kafka.zookeeper.ZooKeeperClient.kafka$zookeeper$ZooKeeperClient$$waitUntilConnected(ZooKeeperClient.scala:254)
	at kafka.zookeeper.ZooKeeperClient.<init>(ZooKeeperClient.scala:112)
	at kafka.zk.KafkaZkClient$.apply(KafkaZkClient.scala:1825)
	at kafka.server.KafkaServer.kafka$server$KafkaServer$$createZkClient$1(KafkaServer.scala:363)
	at kafka.server.KafkaServer.initZkClient(KafkaServer.scala:387)
	at kafka.server.KafkaServer.startup(KafkaServer.scala:207)
	at kafka.server.KafkaServerStartable.startup(KafkaServerStartable.scala:38)
	at kafka.Kafka$.main(Kafka.scala:84)
	at kafka.Kafka.main(Kafka.scala)
[2021-10-18 14:19:52,263] INFO shutting down (kafka.server.KafkaServer)
[2021-10-18 14:19:52,263] INFO shut down completed (kafka.server.KafkaServer)
[2021-10-18 14:19:52,263] ERROR Exiting Kafka. (kafka.server.KafkaServerStartable)
[2021-10-18 14:19:52,263] INFO shutting down (kafka.server.KafkaServer)
[2021-10-18 14:55:52,270] INFO Reading configuration from: E:\LogAnalysis\kafka\config\zookeeper.properties (org.apache.zookeeper.server.quorum.QuorumPeerConfig)
[2021-10-18 14:55:52,290] INFO autopurge.snapRetainCount set to 3 (org.apache.zookeeper.server.DatadirCleanupManager)
[2021-10-18 14:55:52,290] INFO autopurge.purgeInterval set to 0 (org.apache.zookeeper.server.DatadirCleanupManager)
[2021-10-18 14:55:52,290] INFO Purge task is not scheduled. (org.apache.zookeeper.server.DatadirCleanupManager)
[2021-10-18 14:55:52,290] WARN Either no config or no quorum defined in config, running  in standalone mode (org.apache.zookeeper.server.quorum.QuorumPeerMain)
[2021-10-18 14:55:52,320] INFO Reading configuration from: E:\LogAnalysis\kafka\config\zookeeper.properties (org.apache.zookeeper.server.quorum.QuorumPeerConfig)
[2021-10-18 14:55:52,320] INFO Starting server (org.apache.zookeeper.server.ZooKeeperServerMain)
[2021-10-18 14:55:52,340] INFO Server environment:zookeeper.version=3.4.14-4c25d480e66aadd371de8bd2fd8da255ac140bcf, built on 03/06/2019 16:18 GMT (org.apache.zookeeper.server.ZooKeeperServer)
[2021-10-18 14:55:52,340] INFO Server environment:host.name=DESKTOP-767O0L9 (org.apache.zookeeper.server.ZooKeeperServer)
[2021-10-18 14:55:52,340] INFO Server environment:java.version=17 (org.apache.zookeeper.server.ZooKeeperServer)
[2021-10-18 14:55:52,340] INFO Server environment:java.vendor=Oracle Corporation (org.apache.zookeeper.server.ZooKeeperServer)
[2021-10-18 14:55:52,340] INFO Server environment:java.home=C:\Program Files\Java\jdk-17 (org.apache.zookeeper.server.ZooKeeperServer)
[2021-10-18 14:55:52,340] INFO Server environment:java.class.path=E:\LogAnalysis\kafka\libs\activation-1.1.1.jar;E:\LogAnalysis\kafka\libs\aopalliance-repackaged-2.5.0.jar;E:\LogAnalysis\kafka\libs\argparse4j-0.7.0.jar;E:\LogAnalysis\kafka\libs\audience-annotations-0.5.0.jar;E:\LogAnalysis\kafka\libs\commons-lang3-3.8.1.jar;E:\LogAnalysis\kafka\libs\connect-api-2.3.0.jar;E:\LogAnalysis\kafka\libs\connect-basic-auth-extension-2.3.0.jar;E:\LogAnalysis\kafka\libs\connect-file-2.3.0.jar;E:\LogAnalysis\kafka\libs\connect-json-2.3.0.jar;E:\LogAnalysis\kafka\libs\connect-runtime-2.3.0.jar;E:\LogAnalysis\kafka\libs\connect-transforms-2.3.0.jar;E:\LogAnalysis\kafka\libs\guava-20.0.jar;E:\LogAnalysis\kafka\libs\hk2-api-2.5.0.jar;E:\LogAnalysis\kafka\libs\hk2-locator-2.5.0.jar;E:\LogAnalysis\kafka\libs\hk2-utils-2.5.0.jar;E:\LogAnalysis\kafka\libs\jackson-annotations-2.9.9.jar;E:\LogAnalysis\kafka\libs\jackson-core-2.9.9.jar;E:\LogAnalysis\kafka\libs\jackson-databind-2.9.9.jar;E:\LogAnalysis\kafka\libs\jackson-dataformat-csv-2.9.9.jar;E:\LogAnalysis\kafka\libs\jackson-datatype-jdk8-2.9.9.jar;E:\LogAnalysis\kafka\libs\jackson-jaxrs-base-2.9.9.jar;E:\LogAnalysis\kafka\libs\jackson-jaxrs-json-provider-2.9.9.jar;E:\LogAnalysis\kafka\libs\jackson-module-jaxb-annotations-2.9.9.jar;E:\LogAnalysis\kafka\libs\jackson-module-paranamer-2.9.9.jar;E:\LogAnalysis\kafka\libs\jackson-module-scala_2.11-2.9.9.jar;E:\LogAnalysis\kafka\libs\jakarta.annotation-api-1.3.4.jar;E:\LogAnalysis\kafka\libs\jakarta.inject-2.5.0.jar;E:\LogAnalysis\kafka\libs\jakarta.ws.rs-api-2.1.5.jar;E:\LogAnalysis\kafka\libs\javassist-3.22.0-CR2.jar;E:\LogAnalysis\kafka\libs\javax.servlet-api-3.1.0.jar;E:\LogAnalysis\kafka\libs\javax.ws.rs-api-2.1.1.jar;E:\LogAnalysis\kafka\libs\jaxb-api-2.3.0.jar;E:\LogAnalysis\kafka\libs\jersey-client-2.28.jar;E:\LogAnalysis\kafka\libs\jersey-common-2.28.jar;E:\LogAnalysis\kafka\libs\jersey-container-servlet-2.28.jar;E:\LogAnalysis\kafka\libs\jersey-container-servlet-core-2.28.jar;E:\LogAnalysis\kafka\libs\jersey-hk2-2.28.jar;E:\LogAnalysis\kafka\libs\jersey-media-jaxb-2.28.jar;E:\LogAnalysis\kafka\libs\jersey-server-2.28.jar;E:\LogAnalysis\kafka\libs\jetty-client-9.4.18.v20190429.jar;E:\LogAnalysis\kafka\libs\jetty-continuation-9.4.18.v20190429.jar;E:\LogAnalysis\kafka\libs\jetty-http-9.4.18.v20190429.jar;E:\LogAnalysis\kafka\libs\jetty-io-9.4.18.v20190429.jar;E:\LogAnalysis\kafka\libs\jetty-security-9.4.18.v20190429.jar;E:\LogAnalysis\kafka\libs\jetty-server-9.4.18.v20190429.jar;E:\LogAnalysis\kafka\libs\jetty-servlet-9.4.18.v20190429.jar;E:\LogAnalysis\kafka\libs\jetty-servlets-9.4.18.v20190429.jar;E:\LogAnalysis\kafka\libs\jetty-util-9.4.18.v20190429.jar;E:\LogAnalysis\kafka\libs\jopt-simple-5.0.4.jar;E:\LogAnalysis\kafka\libs\jsr305-3.0.2.jar;E:\LogAnalysis\kafka\libs\kafka-clients-2.3.0.jar;E:\LogAnalysis\kafka\libs\kafka-log4j-appender-2.3.0.jar;E:\LogAnalysis\kafka\libs\kafka-streams-2.3.0.jar;E:\LogAnalysis\kafka\libs\kafka-streams-examples-2.3.0.jar;E:\LogAnalysis\kafka\libs\kafka-streams-scala_2.11-2.3.0.jar;E:\LogAnalysis\kafka\libs\kafka-streams-test-utils-2.3.0.jar;E:\LogAnalysis\kafka\libs\kafka-tools-2.3.0.jar;E:\LogAnalysis\kafka\libs\kafka_2.11-2.3.0-javadoc.jar;E:\LogAnalysis\kafka\libs\kafka_2.11-2.3.0-javadoc.jar.asc;E:\LogAnalysis\kafka\libs\kafka_2.11-2.3.0-scaladoc.jar;E:\LogAnalysis\kafka\libs\kafka_2.11-2.3.0-scaladoc.jar.asc;E:\LogAnalysis\kafka\libs\kafka_2.11-2.3.0-sources.jar;E:\LogAnalysis\kafka\libs\kafka_2.11-2.3.0-sources.jar.asc;E:\LogAnalysis\kafka\libs\kafka_2.11-2.3.0-test-sources.jar;E:\LogAnalysis\kafka\libs\kafka_2.11-2.3.0-test-sources.jar.asc;E:\LogAnalysis\kafka\libs\kafka_2.11-2.3.0-test.jar;E:\LogAnalysis\kafka\libs\kafka_2.11-2.3.0-test.jar.asc;E:\LogAnalysis\kafka\libs\kafka_2.11-2.3.0.jar;E:\LogAnalysis\kafka\libs\kafka_2.11-2.3.0.jar.asc;E:\LogAnalysis\kafka\libs\log4j-1.2.17.jar;E:\LogAnalysis\kafka\libs\lz4-java-1.6.0.jar;E:\LogAnalysis\kafka\libs\maven-artifact-3.6.1.jar;E:\LogAnalysis\kafka\libs\metrics-core-2.2.0.jar;E:\LogAnalysis\kafka\libs\osgi-resource-locator-1.0.1.jar;E:\LogAnalysis\kafka\libs\paranamer-2.8.jar;E:\LogAnalysis\kafka\libs\plexus-utils-3.2.0.jar;E:\LogAnalysis\kafka\libs\reflections-0.9.11.jar;E:\LogAnalysis\kafka\libs\rocksdbjni-5.18.3.jar;E:\LogAnalysis\kafka\libs\scala-library-2.11.12.jar;E:\LogAnalysis\kafka\libs\scala-logging_2.11-3.9.0.jar;E:\LogAnalysis\kafka\libs\scala-reflect-2.11.12.jar;E:\LogAnalysis\kafka\libs\slf4j-api-1.7.26.jar;E:\LogAnalysis\kafka\libs\slf4j-log4j12-1.7.26.jar;E:\LogAnalysis\kafka\libs\snappy-java-1.1.7.3.jar;E:\LogAnalysis\kafka\libs\spotbugs-annotations-3.1.9.jar;E:\LogAnalysis\kafka\libs\validation-api-2.0.1.Final.jar;E:\LogAnalysis\kafka\libs\zkclient-0.11.jar;E:\LogAnalysis\kafka\libs\zookeeper-3.4.14.jar;E:\LogAnalysis\kafka\libs\zstd-jni-1.4.0-1.jar (org.apache.zookeeper.server.ZooKeeperServer)
[2021-10-18 14:55:52,340] INFO Server environment:java.library.path=C:\Program Files\Java\jdk-17\bin;C:\Windows\Sun\Java\bin;C:\Windows\system32;C:\Windows;C:\Program Files\Common Files\Oracle\Java\javapath;C:\Windows\system32;C:\Windows;C:\Windows\System32\Wbem;C:\Windows\System32\WindowsPowerShell\v1.0\;C:\Windows\System32\OpenSSH\;C:\Program Files\Java\jdk-14.0.2\bin;C:\Program Files\Java\jdk-14.0.2\lib;E:\LogAnalysis\kafka\bin\windows;;. (org.apache.zookeeper.server.ZooKeeperServer)
[2021-10-18 14:55:52,340] INFO Server environment:java.io.tmpdir=C:\Users\Nagaraju\AppData\Local\Temp\ (org.apache.zookeeper.server.ZooKeeperServer)
[2021-10-18 14:55:52,348] INFO Server environment:java.compiler=<NA> (org.apache.zookeeper.server.ZooKeeperServer)
[2021-10-18 14:55:52,348] INFO Server environment:os.name=Windows 10 (org.apache.zookeeper.server.ZooKeeperServer)
[2021-10-18 14:55:52,348] INFO Server environment:os.arch=amd64 (org.apache.zookeeper.server.ZooKeeperServer)
[2021-10-18 14:55:52,348] INFO Server environment:os.version=10.0 (org.apache.zookeeper.server.ZooKeeperServer)
[2021-10-18 14:55:52,348] INFO Server environment:user.name=Nagaraju (org.apache.zookeeper.server.ZooKeeperServer)
[2021-10-18 14:55:52,348] INFO Server environment:user.home=C:\Users\Nagaraju (org.apache.zookeeper.server.ZooKeeperServer)
[2021-10-18 14:55:52,348] INFO Server environment:user.dir=C:\Users\Nagaraju (org.apache.zookeeper.server.ZooKeeperServer)
[2021-10-18 14:55:52,370] INFO tickTime set to 3000 (org.apache.zookeeper.server.ZooKeeperServer)
[2021-10-18 14:55:52,370] INFO minSessionTimeout set to -1 (org.apache.zookeeper.server.ZooKeeperServer)
[2021-10-18 14:55:52,370] INFO maxSessionTimeout set to -1 (org.apache.zookeeper.server.ZooKeeperServer)
[2021-10-18 14:55:52,491] INFO Using org.apache.zookeeper.server.NIOServerCnxnFactory as server connection factory (org.apache.zookeeper.server.ServerCnxnFactory)
[2021-10-18 14:55:52,500] INFO binding to port 0.0.0.0/0.0.0.0:2181 (org.apache.zookeeper.server.NIOServerCnxnFactory)
